<?xml version="1.0" encoding="UTF-8"?>
<!-- Generated by org.testng.reporters.JUnitReportReporter -->
<testsuite hostname="DESKTOP-VKSQJFC" failures="0" tests="1" name="script.ValidLoginLogout" time="14.732" errors="0" timestamp="2024-01-01T15:57:09 IST" skipped="0">
  <testcase classname="script.ValidLoginLogout" name="testValidLoginLogout" time="14.732">
    <system-out>
      <![CDATA[Login Page is displayed]]>
    </system-out>
  </testcase> <!-- testValidLoginLogout -->
  <system-out>
    <![CDATA[Err Msg is displayed
Home Page is displayed
Login Page is displayed]]>
  </system-out>
</testsuite> <!-- script.ValidLoginLogout -->
