<?xml version="1.0" encoding="UTF-8"?>
<!-- Generated by org.testng.reporters.JUnitReportReporter -->
<testsuite hostname="DESKTOP-VKSQJFC" failures="0" tests="1" name="script.InvalidLogin" time="10.139" errors="0" timestamp="2024-01-01T15:28:35 IST" skipped="0">
  <testcase classname="script.InvalidLogin" name="testInvalidLogin" time="10.139">
    <system-out>
      <![CDATA[Err Msg is displayed]]>
    </system-out>
  </testcase> <!-- testInvalidLogin -->
  <system-out>
    <![CDATA[Err Msg is displayed]]>
  </system-out>
</testsuite> <!-- script.InvalidLogin -->
