<?xml version="1.0" encoding="UTF-8"?>
<!-- Generated by org.testng.reporters.JUnitReportReporter -->
<testsuite hostname="DESKTOP-VKSQJFC" failures="0" tests="1" name="script.ValidLogin" time="13.111" errors="0" timestamp="2024-01-01T15:57:09 IST" skipped="0">
  <testcase classname="script.ValidLogin" name="testValidLogin" time="13.111">
    <system-out>
      <![CDATA[Home Page is displayed]]>
    </system-out>
  </testcase> <!-- testValidLogin -->
  <system-out>
    <![CDATA[Err Msg is displayed
Home Page is displayed
Login Page is displayed]]>
  </system-out>
</testsuite> <!-- script.ValidLogin -->
