<?xml version="1.0" encoding="UTF-8"?>
<!-- Generated by org.testng.reporters.JUnitReportReporter -->
<testsuite hostname="DESKTOP-VKSQJFC" failures="0" tests="1" name="script.DemoTest" time="9.846" errors="0" timestamp="2023-12-28T22:41:48 IST" skipped="0">
  <testcase classname="script.DemoTest" name="testA" time="9.846">
    <system-out>
      <![CDATA[Google
RC:3
CC:3
valueBhanu]]>
    </system-out>
  </testcase> <!-- testA -->
  <system-out>
    <![CDATA[Google
RC:3
CC:3
valueBhanu
Google]]>
  </system-out>
</testsuite> <!-- script.DemoTest -->
