<?xml version="1.0" encoding="UTF-8"?>
<!-- Generated by org.testng.reporters.JUnitReportReporter -->
<testsuite hostname="DESKTOP-VKSQJFC" failures="0" tests="1" name="script.DemoTest" time="36.635" errors="0" timestamp="2024-01-01T10:56:06 IST" skipped="0">
  <testcase classname="script.DemoTest" name="testA" time="36.635">
    <system-out>
      <![CDATA[OrangeHRM
RC:3
CC:3
valueBhanu]]>
    </system-out>
  </testcase> <!-- testA -->
  <system-out>
    <![CDATA[OrangeHRM
RC:3
CC:3
valueBhanu
Home Page is displayed]]>
  </system-out>
</testsuite> <!-- script.DemoTest -->
