<?xml version="1.0" encoding="UTF-8"?>
<!-- Generated by org.testng.reporters.JUnitReportReporter -->
<testsuite hostname="DESKTOP-VKSQJFC" failures="0" tests="1" name="script.ValidLogin" time="14.227" errors="0" timestamp="2024-01-01T10:58:32 IST" skipped="0">
  <testcase classname="script.ValidLogin" name="testValidLogin" time="14.227">
    <system-out>
      <![CDATA[Home Page is displayed]]>
    </system-out>
  </testcase> <!-- testValidLogin -->
  <system-out>
    <![CDATA[Home Page is displayed]]>
  </system-out>
</testsuite> <!-- script.ValidLogin -->
