<?xml version="1.0" encoding="UTF-8"?>
<!-- Generated by org.testng.reporters.JUnitReportReporter -->
<testsuite hostname="DESKTOP-VKSQJFC" failures="0" tests="1" name="script.ValidLogin" time="13.789" errors="0" timestamp="2024-01-01T11:24:23 IST" skipped="0">
  <testcase classname="script.ValidLogin" name="testValidLogin" time="13.789">
    <system-out>
      <![CDATA[Home Page is displayed]]>
    </system-out>
  </testcase> <!-- testValidLogin -->
  <system-out>
    <![CDATA[Home Page is displayed]]>
  </system-out>
</testsuite> <!-- script.ValidLogin -->
