<?xml version="1.0" encoding="UTF-8"?>
<!-- Generated by org.testng.reporters.JUnitReportReporter -->
<testsuite hostname="DESKTOP-VKSQJFC" failures="0" tests="1" name="script.InvalidLogin" time="37.760" errors="0" timestamp="2024-01-01T15:57:09 IST" skipped="0">
  <testcase classname="script.InvalidLogin" name="testInvalidLogin" time="37.760">
    <system-out>
      <![CDATA[Err Msg is displayed]]>
    </system-out>
  </testcase> <!-- testInvalidLogin -->
  <system-out>
    <![CDATA[Err Msg is displayed
Home Page is displayed
Login Page is displayed]]>
  </system-out>
</testsuite> <!-- script.InvalidLogin -->
