<?xml version="1.0" encoding="UTF-8"?>
<!-- Generated by org.testng.reporters.JUnitReportReporter -->
<testsuite hostname="DESKTOP-VKSQJFC" failures="0" tests="1" name="script.DemoTest2" time="6.624" errors="0" timestamp="2023-12-25T23:29:41 IST" skipped="0">
  <testcase classname="script.DemoTest2" name="testB" time="6.624">
    <system-out>
      <![CDATA[Google]]>
    </system-out>
  </testcase> <!-- testB -->
  <system-out>
    <![CDATA[Google
Google]]>
  </system-out>
</testsuite> <!-- script.DemoTest2 -->
