<?xml version="1.0" encoding="UTF-8"?>
<!-- Generated by org.testng.reporters.JUnitReportReporter -->
<testsuite hostname="DESKTOP-VKSQJFC" failures="0" tests="1" name="script.DemoTest" time="7.038" errors="0" timestamp="2023-12-25T23:29:41 IST" skipped="0">
  <testcase classname="script.DemoTest" name="testA" time="7.038">
    <system-out>
      <![CDATA[Google]]>
    </system-out>
  </testcase> <!-- testA -->
  <system-out>
    <![CDATA[Google
Google]]>
  </system-out>
</testsuite> <!-- script.DemoTest -->
